Arguments: 
  /Users/nicholaslisauskas/.nvm/versions/node/v8.12.0/bin/node /usr/local/Cellar/yarn/1.17.3/libexec/bin/yarn.js add react-stripe-element

PATH: 
  /Users/nicholaslisauskas/.rvm/gems/ruby-2.6.4/bin:/Users/nicholaslisauskas/.rvm/gems/ruby-2.6.4@global/bin:/Users/nicholaslisauskas/.rvm/rubies/ruby-2.6.4/bin:/Users/nicholaslisauskas/.rvm/bin:/Users/nicholaslisauskas/.nvm/versions/node/v8.12.0/bin:/Applications/Postgres.app/Contents/Versions/latest/bin:/usr/local:/usr/local/bin:/usr/local/sbin:/usr/bin:/usr/local/bin:/usr/bin:/bin:/usr/sbin:/sbin:/opt/X11/bin

Yarn version: 
  1.17.3

Node version: 
  8.12.0

Platform: 
  darwin x64

Trace: 
  Error: https://registry.yarnpkg.com/react-stripe-element: Not found
      at Request.params.callback [as _callback] (/usr/local/Cellar/yarn/1.17.3/libexec/lib/cli.js:66830:18)
      at Request.self.callback (/usr/local/Cellar/yarn/1.17.3/libexec/lib/cli.js:140464:22)
      at emitTwo (events.js:126:13)
      at Request.emit (events.js:214:7)
      at Request.<anonymous> (/usr/local/Cellar/yarn/1.17.3/libexec/lib/cli.js:141436:10)
      at emitOne (events.js:116:13)
      at Request.emit (events.js:211:7)
      at IncomingMessage.<anonymous> (/usr/local/Cellar/yarn/1.17.3/libexec/lib/cli.js:141358:12)
      at Object.onceWrapper (events.js:313:30)
      at emitNone (events.js:111:20)

npm manifest: 
  {
    "name": "react-and-rails",
    "version": "1.0.0",
    "engines": {
      "node": "8.12.0"
    },
    "scripts": {
      "build": "cd client && npm install && npm run build && cd ..",
      "deploy": "cp -a client/build/. public/",
      "postinstall": "npm run build && npm run deploy && echo 'Client built!'"
    }
  }

yarn manifest: 
  No manifest

Lockfile: 
  No lockfile
